[debug] [2019-12-04T03:49:43.477Z] ----------------------------------------------------------------------
[debug] [2019-12-04T03:49:43.478Z] Command:       /Users/eric/.nvm/versions/node/v10.15.3/bin/node /Users/eric/.nvm/versions/node/v10.15.3/bin/firebase init
[debug] [2019-12-04T03:49:43.478Z] CLI Version:   7.8.1
[debug] [2019-12-04T03:49:43.479Z] Platform:      darwin
[debug] [2019-12-04T03:49:43.479Z] Node Version:  v10.15.3
[debug] [2019-12-04T03:49:43.479Z] Time:          Tue Dec 03 2019 22:49:43 GMT-0500 (Eastern Standard Time)
[debug] [2019-12-04T03:49:43.479Z] ----------------------------------------------------------------------
[debug] [2019-12-04T03:49:43.479Z] 
[debug] [2019-12-04T03:49:43.486Z] > command requires scopes: ["email","openid","https://www.googleapis.com/auth/cloudplatformprojects.readonly","https://www.googleapis.com/auth/firebase","https://www.googleapis.com/auth/cloud-platform"]
[debug] [2019-12-04T03:49:43.486Z] > authorizing via signed-in user
[info] 
     ######## #### ########  ######## ########     ###     ######  ########
     ##        ##  ##     ## ##       ##     ##  ##   ##  ##       ##
     ######    ##  ########  ######   ########  #########  ######  ######
     ##        ##  ##    ##  ##       ##     ## ##     ##       ## ##
     ##       #### ##     ## ######## ########  ##     ##  ######  ########

You're about to initialize a Firebase project in this directory:

  /Users/eric/Documents/repos-git/portfolio

[info] 
=== Project Setup
[info] 
[info] First, let's associate this project directory with a Firebase project.
[info] You can create multiple project aliases by running firebase use --add, 
[info] but for now we'll just set up a default project.
[info] 
